309
0
2
3
4
5
6
7
10
12
13
14
19
20
22
28
32
33
35
36
39
41
43
45
46
47
48
53
55
56
57
60
62
65
66
67
68
70
71
73
74
75
78
79
80
81
82
85
87
89
90
92
94
95
96
97
99
102
106
109
111
115
118
120
121
123
126
127
128
129
130
132
137
138
139
140
141
143
145
147
155
156
157
163
164
166
168
170
172
173
174
176
177
179
184
185
187
188
190
192
193
197
199
201
202
205
208
210
211
212
216
218
219
220
223
224
226
227
232
233
234
235
241
242
245
246
250
251
252
253
254
255
259
260
261
262
265
266
268
269
272
275
276
278
279
281
287
288
290
291
293
295
299
302
305
307
310
311
315
319
320
321
323
324
326
330
332
334
341
346
347
348
349
351
352
353
356
360
361
362
363
365
367
369
370
371
374
378
380
385
386
389
390
391
392
394
397
399
401
403
406
407
409
410
413
417
418
419
422
423
424
425
426
427
429
430
431
432
433
434
435
438
439
440
445
446
449
451
452
455
457
458
459
460
461
465
466
467
468
469
470
471
472
473
476
478
479
480
483
488
489
490
492
495
496
497
501
504
505
507
508
510
513
514
515
517
519
521
522
523
525
529
530
533
534
535
536
539
540
541
542
543
544
547
548
551
552
553
555
556
557
559
560
562
563
565
570
572
573
574
575
578
580
581
582
584
588
592
595
598
