746
0
1
2
3
6
7
8
10
11
13
14
15
17
18
20
21
23
24
25
26
27
28
29
30
31
32
33
35
36
37
38
39
40
41
42
43
44
45
47
50
51
53
54
55
56
58
59
61
62
63
64
65
66
67
69
70
73
74
75
76
77
78
80
83
84
85
86
87
88
89
90
92
93
94
95
96
97
98
102
103
104
105
107
109
110
111
112
113
114
115
116
117
121
122
123
125
126
127
128
130
132
133
134
136
137
140
141
142
145
146
147
148
149
150
152
153
154
155
156
157
158
160
162
163
164
165
166
167
168
169
170
171
172
173
176
177
178
180
181
182
183
184
185
190
191
193
194
195
196
197
199
200
201
202
203
204
206
207
208
209
210
212
213
214
215
216
217
218
221
222
224
226
227
229
230
231
232
233
235
236
237
238
239
240
242
243
244
249
250
251
252
254
255
256
257
258
259
260
262
263
264
265
266
270
271
272
273
275
276
277
278
279
281
283
284
286
287
288
289
291
292
293
294
295
296
297
298
299
300
302
304
305
306
307
308
309
312
313
314
315
316
317
319
320
321
322
324
325
326
328
329
331
333
334
335
336
338
339
340
341
342
343
344
346
348
349
351
352
353
354
355
356
358
359
360
361
363
365
369
373
374
376
377
378
380
382
383
384
386
387
388
389
390
391
394
395
396
398
399
400
401
402
403
404
405
407
408
409
410
411
412
413
414
415
416
418
419
422
423
424
426
427
428
429
430
431
432
433
434
437
438
439
440
441
442
443
444
445
446
447
448
450
451
453
454
455
456
457
460
461
462
464
465
466
468
469
474
475
476
478
479
482
483
485
488
489
490
491
492
494
495
496
497
498
499
501
503
504
505
506
507
508
509
511
512
514
517
518
520
521
522
524
526
527
529
530
531
532
533
534
535
536
537
538
539
542
543
544
545
547
548
549
550
551
552
553
554
555
557
558
559
560
561
562
563
564
566
567
568
569
570
571
573
575
576
577
578
579
580
582
583
584
585
586
587
588
589
590
591
593
594
595
599
600
601
602
603
605
607
609
610
612
617
621
622
623
624
625
630
632
633
634
635
637
638
640
641
642
644
646
647
648
649
652
653
654
655
656
657
658
660
661
662
663
664
665
666
667
668
669
670
671
673
674
675
676
677
678
679
680
684
686
687
688
689
690
692
693
695
696
698
699
700
701
702
703
704
705
706
707
708
709
710
711
713
714
715
716
717
720
723
724
726
728
731
732
733
734
735
736
737
738
740
741
742
743
744
746
747
748
749
751
752
753
754
755
756
757
759
762
764
766
769
771
772
775
776
777
778
781
782
783
784
785
787
788
790
791
792
793
795
796
797
799
800
801
802
803
805
806
807
808
809
810
811
812
813
814
816
817
818
819
821
822
823
824
826
827
828
829
830
831
832
833
834
835
836
839
840
841
842
843
844
845
846
847
848
849
852
854
856
857
858
861
864
865
868
870
871
872
876
877
878
879
880
881
883
884
885
887
888
889
891
892
893
894
895
896
898
899
900
901
902
903
904
905
909
910
911
912
913
918
919
920
921
923
924
925
926
927
928
929
930
931
932
933
935
936
937
938
939
940
941
942
946
948
950
951
952
953
955
956
957
958
959
960
961
962
963
965
966
967
968
972
974
975
976
977
979
980
981
982
983
984
985
986
988
989
990
992
993
994
995
996
997
998
