358
0
1
2
3
4
5
6
11
17
18
19
21
23
25
27
28
29
30
31
32
37
43
45
46
47
48
49
51
52
54
55
58
60
63
66
68
69
73
74
75
77
78
79
82
83
84
86
87
89
90
91
92
94
103
106
110
114
115
116
118
124
126
128
130
134
135
138
140
141
142
144
145
148
149
152
153
155
161
162
163
164
165
166
168
169
170
172
173
175
176
177
180
183
185
186
187
188
189
192
193
194
195
200
201
202
204
205
206
208
210
212
213
214
216
217
218
219
221
222
224
226
227
228
230
232
234
235
236
240
243
247
248
249
250
251
252
253
258
261
264
266
268
269
270
271
272
273
276
277
278
280
281
282
283
284
286
288
289
290
291
293
294
295
296
299
300
303
305
307
308
309
311
313
314
316
317
318
320
321
325
327
328
329
332
333
334
338
341
342
343
344
346
347
349
352
354
356
357
359
362
363
365
367
368
372
374
376
377
378
380
381
382
385
386
388
391
392
394
395
396
397
398
399
400
403
406
407
410
411
412
414
415
416
417
419
422
423
426
427
429
432
434
437
438
439
443
446
447
448
449
450
451
453
456
457
460
461
463
465
466
467
468
470
471
472
473
474
476
477
478
479
483
485
486
487
488
489
490
493
494
495
496
497
500
501
503
504
505
507
508
509
510
511
513
514
515
516
517
518
519
520
521
524
525
527
528
530
531
533
536
539
540
542
543
544
546
549
550
551
552
553
554
557
558
559
560
561
562
563
564
567
568
572
573
575
576
577
578
579
580
581
582
583
584
585
586
587
588
589
590
591
592
593
594
595
596
598
599
