311
0
2
3
4
6
9
10
17
18
21
25
26
27
28
29
30
31
33
35
37
40
41
43
44
45
46
47
48
49
50
51
53
55
57
58
60
61
63
64
67
69
72
73
75
76
77
78
79
82
83
84
85
92
93
95
96
97
98
101
104
105
106
107
109
112
115
116
118
121
123
127
128
130
132
135
137
138
139
140
141
143
145
146
147
152
154
155
156
157
158
159
161
162
163
164
167
169
172
173
175
179
180
182
183
185
186
190
191
193
196
197
198
200
201
204
205
207
208
210
212
214
215
219
220
223
224
225
226
231
232
233
235
239
240
245
247
252
253
254
256
258
259
261
263
264
265
266
268
269
271
273
274
279
280
281
284
285
286
287
288
289
293
296
297
299
301
302
305
307
310
311
312
314
317
318
320
321
325
327
331
332
333
334
337
338
344
346
347
351
352
356
357
359
364
367
370
371
373
375
376
379
380
381
382
383
384
387
391
393
396
397
398
399
403
405
407
409
410
412
416
420
423
425
427
428
429
432
433
434
436
437
439
440
443
447
448
449
451
452
453
455
456
459
461
462
464
467
470
471
472
473
474
478
479
484
485
488
489
492
495
497
498
500
501
505
507
509
510
511
515
518
520
524
526
529
530
531
532
533
535
538
540
541
542
543
546
547
548
549
550
554
557
558
559
562
564
570
574
577
578
579
582
583
585
588
589
592
593
597
598
599
