331
0
1
3
6
14
16
18
19
20
21
22
25
26
29
30
32
34
37
39
40
41
43
46
50
51
52
53
54
56
57
63
65
66
67
68
70
71
73
76
77
78
83
85
87
91
93
99
100
101
102
104
105
106
107
108
110
112
115
116
118
120
124
125
126
130
131
132
134
138
140
142
144
147
148
151
153
155
157
159
160
161
163
168
169
170
171
172
173
174
175
180
181
183
185
187
188
191
193
194
195
196
197
198
200
202
203
204
205
206
207
208
209
210
212
213
214
215
217
218
220
226
229
230
233
235
236
243
244
246
247
249
250
251
253
254
257
258
264
265
266
269
270
272
273
277
278
280
285
286
288
289
292
293
294
296
299
302
307
310
311
312
314
316
317
319
321
325
327
328
331
332
333
336
339
340
341
342
346
348
349
354
355
356
358
365
366
367
368
369
370
373
374
376
377
378
380
381
383
388
389
390
391
393
394
396
399
400
403
404
405
406
408
409
410
412
414
416
417
419
420
422
423
427
429
431
432
434
438
439
442
443
446
447
448
449
450
451
454
456
457
458
460
461
464
465
466
467
468
471
472
473
474
476
478
479
483
486
487
488
489
490
493
495
497
499
500
503
505
508
509
510
513
516
517
518
519
520
521
523
524
525
527
528
531
532
533
535
536
540
542
543
544
545
546
550
552
553
558
559
561
562
563
564
567
568
569
572
573
575
576
577
578
579
580
581
582
583
585
586
587
588
589
590
591
593
594
595
596
597
598
599
