718
0
2
3
4
5
6
7
8
9
10
12
13
14
16
17
20
21
22
24
26
27
28
29
30
32
34
35
36
39
40
41
42
43
44
45
46
47
48
49
50
51
52
53
55
56
57
58
59
61
62
65
67
68
69
70
73
74
75
76
77
78
79
80
81
83
84
86
88
90
91
93
94
95
97
99
102
103
106
107
108
109
110
112
113
114
115
116
118
119
120
121
123
124
126
127
128
129
131
132
137
138
139
140
144
145
147
148
149
150
151
152
153
154
155
156
157
160
163
167
168
169
171
172
173
176
177
179
181
182
183
185
186
187
189
190
192
193
194
195
197
198
199
200
201
202
204
205
206
207
208
209
210
211
214
215
216
217
218
221
222
223
225
226
227
228
229
230
232
234
235
237
238
239
240
241
242
244
245
247
248
250
251
252
254
255
256
257
258
259
260
261
263
264
265
266
267
268
269
270
271
272
273
274
275
276
277
278
280
281
284
285
286
288
289
292
294
295
296
297
298
299
300
302
303
304
305
306
308
309
311
312
314
315
316
319
320
321
323
325
326
327
328
329
330
331
333
335
336
337
338
339
340
341
342
343
345
347
348
349
352
353
355
356
357
358
360
361
362
363
365
366
367
368
370
373
374
375
377
379
380
381
382
383
385
387
388
389
390
391
392
394
395
396
398
399
400
401
402
403
404
406
408
409
411
413
414
415
416
417
418
419
420
421
423
424
425
426
427
428
429
431
432
433
434
435
436
440
441
443
446
447
449
450
454
456
457
460
462
463
464
465
467
468
469
470
471
474
475
476
477
478
480
481
482
483
484
485
486
487
488
489
490
491
492
493
495
497
498
501
503
506
507
508
509
512
513
514
515
516
518
519
521
522
523
524
528
529
530
531
532
533
535
537
542
543
546
547
549
551
552
553
560
561
562
563
564
566
567
568
569
570
571
573
575
577
578
579
581
584
585
586
588
589
590
591
593
597
598
599
600
602
603
605
606
607
608
609
610
612
613
616
618
619
622
624
625
626
627
630
631
633
634
635
637
639
640
641
645
646
647
649
651
652
657
658
659
660
661
662
663
664
665
666
667
668
669
670
671
672
673
674
675
677
678
680
681
682
683
684
685
686
688
689
690
691
692
693
694
695
696
698
700
701
703
704
706
707
708
709
710
711
713
714
715
716
717
718
719
720
721
724
725
726
727
728
729
735
736
738
739
741
742
743
746
748
749
750
751
752
753
755
756
757
758
759
761
762
764
765
766
767
771
772
773
774
777
778
779
780
781
782
783
784
786
788
789
790
791
793
794
795
796
797
798
799
800
801
802
803
805
806
808
810
811
814
815
816
817
819
820
821
823
824
825
827
828
829
830
831
832
833
834
836
837
839
840
841
846
847
848
849
852
853
854
855
857
861
862
864
866
868
869
870
874
875
876
877
878
879
881
882
883
887
888
889
890
891
892
893
894
895
896
897
898
899
900
901
904
907
908
909
911
912
913
914
915
916
918
919
920
921
924
926
927
929
930
931
932
933
934
936
937
938
939
940
941
942
944
945
946
949
950
954
955
956
957
958
959
960
961
962
963
965
966
967
968
970
971
972
974
975
976
978
979
981
982
984
985
986
987
988
989
992
993
995
996
997
998
